<?xml version="1.0" encoding="UTF-8"?>
<!-- Generated by org.testng.reporters.JUnitXMLReporter -->
<testsuite ignored="0" hostname="DESKTOP-400C7NF" failures="0" tests="3" name="Default test" time="81.2" errors="0" timestamp="2021-01-24T13:51:01 PKT">
  <testcase classname="WeRPlayAssignemnts.Task2" name="Facebook" time="37.248"/>
  <testcase classname="WeRPlayAssignemnts.Task2" name="Designerfilter" time="19.405"/>
  <testcase classname="WeRPlayAssignemnts.Task2" name="Viewmorebutton" time="19.912"/>
</testsuite> <!-- Default test -->
